<?xml version="1.0" encoding="UTF-8"?>
<!-- Generated by org.testng.reporters.JUnitReportReporter -->
<testsuite skipped="0" hostname="LAPTOP-EB6MB21H" name="pageAction.launch" tests="1" failures="0" timestamp="16 Oct 2018 06:11:00 GMT" time="70.523" errors="0">
  <testcase name="browser" time="70.523" classname="pageAction.launch"/>
</testsuite> <!-- pageAction.launch -->
