<?xml version="1.0" encoding="UTF-8"?>
<!-- Generated by org.testng.reporters.JUnitReportReporter -->
<testsuite skipped="0" hostname="LAPTOP-EB6MB21H" name="pageAction.fbLogin" tests="1" failures="0" timestamp="09 Oct 2018 05:27:43 GMT" time="17.759" errors="0">
  <testcase name="facebook" time="17.759" classname="pageAction.fbLogin"/>
</testsuite> <!-- pageAction.fbLogin -->
