<?xml version="1.0" encoding="UTF-8"?>
<!-- Generated by org.testng.reporters.JUnitReportReporter -->
<testsuite skipped="0" hostname="LAPTOP-EB6MB21H" name="pageAction.cookie" tests="1" failures="0" timestamp="04 Oct 2018 05:42:16 GMT" time="40.757" errors="0">
  <testcase name="ctest" time="40.757" classname="pageAction.cookie"/>
</testsuite> <!-- pageAction.cookie -->
