<?xml version="1.0" encoding="UTF-8"?>
<!-- Generated by org.testng.reporters.JUnitReportReporter -->
<testsuite skipped="0" hostname="LAPTOP-EB6MB21H" name="pageAction.facebook" tests="1" failures="0" timestamp="04 Oct 2018 05:38:01 GMT" time="16.661" errors="0">
  <testcase name="link" time="16.661" classname="pageAction.facebook"/>
</testsuite> <!-- pageAction.facebook -->
